[    0.00000] Initializing cgroup subsys cpuset
[    .000000] Initializing cgroup subsys cpu
[    0.00000] Initializing cgroup subsys cpuacct
[    0.000000] Linux version 4.4.0-137-generic (buildd@lgw01-amd64-037) (gcc version 5.4.0 20160609 (Ubuntu 5.4.0-6ubuntu1~16.04.10) ) #163-Ubuntu SMP Mon Sep 24 13:14:43 UTC 2018 (Ubuntu 4.4.0-137.163-generic 4.4.144)
[    0.000000] Command line: BOOTIMAGE=/boot/vmlinuz-4.4.0-137-generic root=LABEL=cloudimg-rootfs ro consoe=tty1 console=ttyS0
[    0.000000] KERNEL supported cpus:
[    0.000000]   Intel GenuineIntel
[    0.000000]   AMD AuthnticAMD
[    0.000000]   Centaur CentaurHauls
[    0.000000] x86/fpu: xstate_offset[2]:  576, xstate_sizes[2]:  256
[    0.000000] x86/fpu: Supporting XSAVE feature 0x01: 'x87 floating point registers'
[    0.000000] x86/fpu: Supporting XSAVE feature 0x02: 'SSE registers'
[    0.000000] x86/fpu: Supporting XSAVE feature 0x04: 'AVX registers'
[    0.000000] x86/fpu: Enabled xstate features 0x7, context size is 832 bytes, using 'standard' format.
[    0.000000] e820: BIOS-provided physical RAM map:
[    0.000000] BIOS-e820: [mem 0x0000000000000000-0x000000000009fbff] usable
[    0.000000] BIOS-e820: [mem 0x000000000009fc00-0x000000000009ffff] reserved
[    0.000000] BIOS-e820: [mem 0x00000000000f0000-0x00000000000fffff] reserved
[    0.000000] BIOS-e820: [mem 0x0000000000100000-0x000000003ffeffff] usable
[    0.000000] BIOS-e820: [mem 0x000000003fff0000-0x000000003fffffff] ACPI data
[    0.000000] BIOS-e820: [mem 0x00000000fec00000-0x00000000fec00fff] reserved
[    0.000000] BIOS-e820: [mem 0x00000000fee00000-0x00000000fee00fff] reserved
[    0.000000] BIOS-e820: [mem 0x00000000fffc0000-0x00000000ffffffff] reserved
[    0.000000] NX (Execute Disable) protection: active
[    0.000000] SMBIOS 2.5 present.
[    0.000000] Hypervisor detected: KVM
[    0.000000] e820: last_pfn = 0x3fff0 max_arch_pfn = 0x400000000
[    0.000000] MTRR: Disabled
[    0.000000] x86/PAT: MTRRs disabled, skipping PAT initialization too.
[    0.000000] CPU MTRRs all blank - virtualized system.
[    0.000000] x86/PAT: Configuration [0-7]: WB  WT  UC- UC  WB  WT  UC- UC  
[    0.000000] found SMP MP-table at [mem 0x0009fff0-0x0009ffff] mapped at [ffff88000009fff0]
[    0.000000] Scanning 1 areas for low memory corruption
[    0.000000] RAMDISK: [mem 0x3630e000-0x3717efff]
[    0.000000] ACPI: Early table checksum verification disabled
[    0.000000] ACPI: RSDP 0x00000000000E0000 000024 (v02 VBOX  )
[    0.000000] ACPI: XSDT 0x000000003FFF0030 00003C (v01 VBOX   VBOXXSDT 00000001 ASL  00000061)
[    0.000000] ACPI: FACP 0x000000003FFF00F0 0000F4 (v04 VBOX   VBOXFACP 00000001 ASL  00000061)
[    0.000000] ACPI: DSDT 0x000000003FFF0470 0021FF (v02 VBOX   VBOXBIOS 00000002 INTL 20100528)
[    0.000000] ACPI: FACS 0x000000003FFF0200 000040
[    0.000000] ACPI: FACS 0x000000003FFF0200 000040
[    0.000000] ACPI: APIC 0x000000003FFF0240 00005C (v02 VBOX   VBOXAPIC 00000001 ASL  00000061)
[    0.000000] ACPI: SSDT 0x000000003FFF02A0 0001CC (v01 VBOX   VBOXCPUT 00000002 INTL 200528)
[    0.000000] No NUMA configuration found
[    0.000000] Faking a node at [mem 0x0000000000000000-0x000000003ffeffff]
[     0.000000] NOE_DATA(0) allocated [mem 0x3ffeb000-0x3ffeffff]
[   0.000000] kvm-clock: Using msrs 4b564d01 and 4b564d00
[    0.000000] kvm-clock: cpu 0, msr 0:3ffe3001, primary cpu clock
[    0.000000] kvm-clock: using sched offst of 3776975053 cycles
[    .000000] clocksource: kvm-clock: mask: 0xffffffffffffffff maxcycles: 0x1cd42e4dffb, max_idle_n: 881590591483 ns
[    0.000000] Zone ranges:
[    0.000000]   DMA      [mem 0x0000000000001000-0x0000000000ffffff]
[    0.000000]   MA32    [mem 0x0000000001000000-0x000000003ffeffff]
[    0.000000]   Normal   empty
[    0.000000]   Device   empty
[    0.000000] Movable zonestart fo  each node
[    0.000000] Ely memory node ranges
[    0.000000]   node   0: [mem 0x0000000000001000-0x00000000000efff]
[    0.000000]   node   0: [mem 0x0000000000100000-0x000000003ffeffff]
[    0.000000] Initmem setup node 0 [mem 0x0000000000001000-0x000000003ffeffff]
[    0.000000] ACPI: PM-Timer IO Port: 0x4008
[    0.00000] IOAPIC[0]: api_id 2, version 32, address 0xfec00000, GSI 0-23
[    0.000000] ACPI: INT_SRC_OVR (bus 0 bus_irq 0 global_irq 2 dfl dfl)
[    0.00000] ACPI: INT_SR_OVR (bus 0 bus_irq 9 global_irq 9 low level)
[    0.000000] Using ACPI (MADT) for SMP configuration information
[    0.000000] smpboot Allowing 2 CPUs, 0 hotplug CPUs
[    0.000000] PM: Registered nosave memory: [mem 0x00000000-0x00000fff]
[    0.00000] PM: Registered nosave memory: [mem 0x0009f000-0x0009ffff]
[    0.00000] PM: Registered nosave memory: [mem 0x000a0000-0x000effff]
[    0.000000] PM: Registered nosave memory: [mem 0x000f0000-0x000fffff]
[    0.000000] e820: [mem 0x40000000-0xfebfffff] available for PCI devices
[    0.000000] Booting paravirtualized kernel on KVM
[    0.000000] clocksource: refined-jiffies: mask: 0xffffffff max_cycles: 0xffffffff, max_idle_ns: 764551960021158 ns
[   0.000000] setup_percpu: NR_CPUS:512 nr_cpumask_bits:512 nr_cpu_ids:2 nr_noe_ids:1
[    0.000000] PERCPU: Embedded 34 pages/cpu @ffff88003fc00000 s99608 r8192 d31464 u1048576
[   0.000000] PV qspinlock hash table entries: 256 (rder: 0, 4096 bytes)
[    0.000000] Built 1 zonelists in Node order, mobility grouping on.  Total pages: 257912
[    0.000000] Policy zone: DMA32
[    0.000000] Kerne command line: BOOT_MAGE=/boot/vmlinuz-4.4.0-137-generic root=LABEL=cloudimg-rootfs ro consoletty1 conole=ttyS0
[    0.000000] PID hash table entries: 4096 (order: 3, 32768 bytes)
[   0.000000] Memory: 997716K/1048120K available (8555K kernel code, 1314K rwdata, 4004K rodata, 1528K init, 1316K bss, 50404K reserved, 0K cma-reserved)
[    0.000000] SLUB: HWalign=64, Order=0-3, MinObjects=0, CPUs=2, Nodes=1
[    0.000000] Kernel/User page tables isolation: enabled
[    0.000000] Hierarchical RCU implementation.
[    0.000000] 	Build-time adjustment of leaf fanout to 64.
[    0.000000] 	RCU restricting CPUs from NR_CPUS=512 to nr_pu_ids=2.
[    0.000000] RCU: Adjusting geometry for rcu_fanout_leaf=64, nr_cpuids=2
[    0.000000] NR_IRQS:33024 nr_irqs:440 16
[    0.000000] Console: colour VGA+ 80x25
[  0.000000] console [tty1] enabled
[    0.000000] console [ttyS0] enabled
[    0.000000] tsc: Detectd 160.000 MHz processor
[    1.105678] Calibrating delay loop (skipped) preset value.. 3200.00 BogoMIPS (lpj=640000)
[    1.127371] pid_max: default: 32768 minimum: 301
[    1.131747] ACPI: Core revision 20150930
[    1.136800] ACPI: 2 ACPI AML tables successfully acquired and loaded
[    1.146858] Security Framework initialized
[    1.160536] Yama: becoming mindful.
[    1.162044] AppArmor: AppArmor initialized
[    1.165170] Dentry cache hash table entries: 131072 (order: 8, 1048576 bytes)
[    1.174562] Inode-cache hash table entries: 65536 (order: 7, 524288 bytes)
[    1.184375] Mount-cache hash table entries: 2048 (order: 2, 16384 bytes)
[    1.187410] Mountpoint-cache hash table entries: 2048 (order: 2, 16384 bytes)
[    1.190456] Initializing cgroup subsys io
[    1.192210] Initializing cgroup subsys memory
[    1.194162] Initializing cgroup subsys devices
[    1.196067] Initializing cgroup subsys freezer
[    1.198027] Initializing cgroup subsys net_cls
[    1.199874] Initializing cgroup subsys perf_event
[    1.201606] Initializing cgroup subsys net_prio
[    1.203045] Initializing cgroup subsys hugetlb
[    1.204603] Initializing cgroup subsys pids
[    1.207084] mce: CPU supports 0 MCE banks
[    1.208413] Last level iTLB entries: 4KB 64, 2MB 8, 4MB 8
[    1.210098] Last level dTLB entries: 4KB 64, 2MB 0, 4MB 0, 1GB 4
[    1.211894] Spectre V2 : Mitigation: Full generic retpoline
[    1.213831] Spectre V2 : Spectre v2 mitigation: Speculation control IBPB not-supported IBRS not-supported
[    1.216754] Spectre V2 : Spectre v2 / SpectreRSB mitigation: Filling RSB on context switch
[    1.220211] Speculative Store Bypass: Vulnerable
[    1.224616] Freeing SMP alternatives memory: 32K
[    1.243461] ftrace: allocating 32265 entries in 127 pages
[    1.310495] smpboot: APIC(0) Converting physical 0 to logical package 0
[    1.327718] smpboot: Max logical packages: 1
[    1.334511] x2apic enabled
[    1.342664] Switched APIC routing to physical x2apic.
[    1.348167] ..TIMER: vector=0x30 apic1=0 pin1=2 apic2=-1 pin2=-1
[    1.457982] smpboot: CPU0: Intel(R) Core(TM) i5-5250U CPU @ 1.60GHz (family: 0x6, model: 0x3d, stepping: 0x4)
[    1.478973] Performance Events: unsupported p6 CPU model 61 no PMU driver, software events only.
[    1.487795] KVM setup paravirtual spinlock
[    1.490185] x86: Booting SMP configuration:
[    1.500233] .... node  #0, CPUs:      #1
[    1.502328] kvm-clock: cpu 1, msr 0:3ffe3041, secondary cpu clock
[    1.505328] mce: CPU supports 0 MCE banks
[    1.508717] x86: Booted up 1 node, 2 CPUs
[    1.510602] smpboot: Total of 2 processors activated (6400.00 BogoMIPS)
[    1.520305] devtmpfs: initialized
[    1.527343] evm: security.selinux
[    1.528687] evm: security.SMACK64
[    1.531570] evm: security.SMACK64EXEC
[    1.533162] evm: security.SMACK64TRANSMUTE
[    1.536447] evm: security.SMACK64MMAP
[    1.538194] evm: security.ima
[    1.539461] evm: security.capability
[    1.541377] clocksource: jiffies: mask: 0xffffffff max_cycles: 0xffffffff, max_idle_ns: 7645041785100000 ns
[    1.549714] futex hash table entries: 512 (order: 3, 32768 bytes)
[    1.552307] pinctrl core: initialized pinctrl subsystem
[    1.558515] RTC time: 15:36:31, date: 10/18/18
[    1.560474] NET: Registered protocol family 16
[    1.575015] cpuidle: using governor ladder
[    1.599458] cpuidle: using governor menu
[    1.607325] PCCT header not found.
[    1.610966] ACPI: bus type PCI registered
[    1.612609] acpiphp: ACPI Hot Plug PCI Controller Driver version: 0.5
[    1.622518] PCI: Using configuration type 1 for base access
[    1.644262] ACPI: Added _OSI(Module Device)
[    1.647670] ACPI: Added _OSI(Processor Device)
[    1.649330] ACPI: Added _OSI(3.0 _SCP Extensions)
[    1.655588] ACPI: Added _OSI(Processor Aggregator Device)
[    1.660082] ACPI: Executed 1 blocks of module-level executable AML code
[    1.668289] ACPI: Interpreter enabled
[    1.678733] ACPI: (supports S0 S5)
[    1.680292] ACPI: Using IOAPIC for interrupt routing
[    1.687667] PCI: Using host bridge windows from ACPI; if necessary, use "pci=nocrs" and report a bug
[    1.700721] ACPI: PCI Root Bridge [PCI0] (domain 0000 [bus 00-ff])
[    1.717227] acpi PNP0A03:00: _OSC: OS supports [ASPM ClockPM Segments MSI]
[    1.724671] acpi PNP0A03:00: _OSC: not requesting OS control; OS requires [ExtendedConfig ASPM ClockPM MSI]
[    1.732775] acpi PNP0A03:00: fail to add MMCONFIG information, can't access extended PCI configuration space under this bridge.
[    1.740909] PCI host bridge to bus 0000:00
[    1.742829] pci_bus 0000:00: root bus resource [io  0x0000-0x0cf7 window]
[    1.745570] pci_bus 0000:00: root bus resource [io  0x0d00-0xffff window]
[    1.752020] pci_bus 0000:00: root bus resource [mem 0x000a0000-0x000bffff window]
[    1.760715] pci_bus 0000:00: root bus resource [mem 0x40000000-0xfdffffff window]
[    1.770262] pci_bus 0000:00: root bus resource [bus 00-ff]
[    1.775933] pci 0000:00:01.1: legacy IDE quirk: reg 0x10: [io  0x01f0-0x01f7]
[    1.779978] pci 0000:00:01.1: legacy IDE quirk: reg 0x14: [io  0x03f6]
[    1.787101] pci 0000:00:01.1: legacy IDE quirk: reg 0x18: [io  0x0170-0x0177]
[    1.791090] pci 0000:00:01.1: legacy IDE quirk: reg 0x1c: [io  0x0376]
[    1.834121] pci 0000:00:07.0: quirk: [io  0x4000-0x403f] claimed by PIIX4 ACPI
[    1.843035] pci 0000:00:07.0: quirk: [io  0x4100-0x410f] claimed by PIIX4 SMB
[    1.868484] ACPI: PCI Interrupt Link [LNKA] (IRQs 5 9 10 *11)
[    1.871973] ACPI: PCI Interrupt Link [LNKB] (IRQs 5 9 *10 11)
[    1.876673] ACPI: PCI Interrupt Link [LNKC] (IRQs 5 *9 10 11)
[    1.880175] ACPI: PCI Interrupt Link [LNKD] (IRQs 5 9 10 *11)
[    1.895785] ACPI: Enabled 2 GPEs in block 00 to 07
[    1.898504] vgaarb: setting as boot device: PCI:0000:00:02.0
[    1.907577] vgaarb: device added: PCI:0000:00:02.0,decodes=io+mem,owns=io+mem,locks=none
[    1.912629] vgaarb: loaded
[    1.913987] vgaarb: bridge control possible 0000:00:02.0
[    1.919924] SCSI subsystem initialized
[    1.926587] ACPI: bus type USB registered
[    1.940678] usbcore: registered new interface driver usbfs
[    1.954625] usbcore: registered new interface driver hub
[    1.956642] usbcore: registered new device driver usb
[    1.969592] PCI: Using ACPI for IRQ routing
[    1.972126] NetLabel: Initializing
[    1.973546] NetLabel:  domain hash size = 128
[    1.975320] NetLabel:  protocols = UNLABELED CIPSOv4
[    1.979875] NetLabel:  unlabeled traffic allowed by default
[    1.985965] amd_nb: Cannot enumerate AMD northbridges
[    1.998705] clocksource: Switched to clocksource kvm-clock
[    2.022581] AppArmor: AppArmor Filesystem Enabled
[    2.024976] pnp: PnP ACPI init
[    2.027799] pnp: PnP ACPI: found 3 devices
[   2.0417] clocksource: acpi_pm: mask: 0xffffff max_cycles: 0xffffff, max_idle_ns: 2085701024 ns
[    2.18730] ET: Registered protocol famil 2

[    2.297167] TCP established ash table entries: 892 (order: 4, 65536 bytes)
[   2.352829] TCP bind hash table entries: 8192 (order 5, 31072 byes)
[    2.45539] TCP: Hash tables configured (established 8192 bind 8192)
[    2.484069] UDPhash table entries: 512 (order: 2, 16384 bytes)
[    2.511175] UDP-Lite hash table entries: 512 (order: 2, 16384 bytes)
[    2.513438] NET: Registered protocol family 1
    2.515259 pci 0000:00:00.0: Limiting direct PCI/PCI transfers
[    2.568079] ci0000:0:01.0: Activaing ISA DMA hang workarounds
[    2.67275] Unpacking initramfs...

[    2.960953] Freeing initrd memory: 14788K
[    2.965164] RAPL PMU detected, API unit is 2^-32 Joules, 4 fixed counters 10737418240 ms ovfl timer
[    2.970182] hw unit of domain pp0-core 2^-0 Joules
[    2.972433] hw unit of domain package 2^-0 Joules
[    2.976939] hw unit of domain dram 2^-0 Joules
[    2.981712] hw unit of domain pp1-gpu 2^-0 Joules
[    2.984581] platform rtc_cmos: registered platform RTC device (no PNP device found)
[    2.996472] Scanning for low memory corruption every 60 seconds
[    3.004093] audit: initializing netlink subsys (disabled)
[    3.010643] audit: type=2000 audit(1539876996.234:1): initialized
[    3.013126] Initialise system trusted keyring
[    3.015413] HugeTLB registered 2 MB page size, pre-allocated 0 pages
[    3.052184] zbud: loaded
[    3.055676] VFS: Disk quotas dquot_6.6.0
[    3.057294] VFS: Dquot-cache hash table entries: 512 (order 0, 4096 bytes)
[    3.061549] squashfs: version 4.0 (2009/01/31) Phillip Lougher
[    3.087648] fuse init (API version 7.23)
[    3.095828] Key type big_key registered
[    3.117716] Allocating IMA MOK and blacklist keyrings.
[    3.137598] Key type asymmetric registered
[    3.138970] Asymmetric key parser 'x509' registered
[    3.140679] Block layer SCSI generic (bsg) driver version 0.4 loaded (major 249)
[    3.143348] io scheduler noop registered
[    3.144656] io scheduler deadline registered (default)
[    3.146418] io scheduler cfq registered
[    3.147923] pci_hotplug: PCI Hot Plug PCI Core version: 0.5
[    3.149628] pciehp: PCI Express Hot Plug Controller Driver version: 0.4
[    3.152693] ACPI: AC Adapter [AC] (off-line)
[    3.154432] input: Power Button as /devices/LNXSYSTM:00/LNXPWRBN:00/input/input0
[    3.156925] ACPI: Power Button [PWRF]
[    3.158278] input: Sleep Button as /devices/LNXSYSTM:00/LNXSLPBN:00/input/input1
[    3.160816] ACPI: Sleep Button [SLPF]
[    3.163724] ACPI: Battery Slot [BAT0] (battery present)
[    3.165684] GHES: HEST is not enabled!
[    3.168039] Serial: 8250/16550 driver, 32 ports, IRQ sharing enabled
[    3.194367] 00:02: ttyS0 at I/O 0x3f8 (irq = 4, base_baud = 115200) is a 16550A
[    3.205490] Linux agpgart interface v0.103
[    3.209790] loop: module loaded
[    3.212202] scsi host0: ata_piix
[    3.214348] scsi host1: ata_piix
[    3.216104] ata1: PATA max UDMA/33 cmd 0x1f0 ctl 0x3f6 bmdma 0xd000 irq 14
[    3.221817] ata2: PATA max UDMA/33 cmd 0x170 ctl 0x376 bmdma 0xd008 irq 15
[    3.225090] libphy: Fixed MDIO Bus: probed
[    3.227021] tun: Universal TUN/TAP device driver, 1.6
[    3.229179] tun: (C) 1999-2004 Max Krasnyansky <maxk@qualcomm.com>
[    3.231199] PPP generic driver version 2.4.2
[    3.232764] ehci_hcd: USB 2.0 'Enhanced' Host Controller (EHCI) Driver
[    3.246597] ehci-pci: EHCI PCI platform driver
[    3.254127] ehci-platform: EHCI generic platform driver
[    3.258995] ohci_hcd: USB 1.1 'Open' Host Controller (OHCI) Driver
[    3.263559] ohci-pci: OHCI PCI platform driver
[    3.273127] ohci-platform: OHCI generic platform driver
[    3.277069] uhci_hcd: USB Universal Host Controller Interface driver
[    3.282637] i8042: PNP: PS/2 Controller [PNP0303:PS2K,PNP0f03:PS2M] at 0x60,0x64 irq 1,12
[    3.297805] serio: i8042 KBD port at 0x60,0x64 irq 1
[    3.302619] serio: i8042 AUX port at 0x60,0x64 irq 12
[    3.312866] mousedev: PS/2 mouse device common for all mice
[    3.326720] rtc_cmos rtc_cmos: rtc core: registered rtc_cmos as rtc0
[    3.331344] input: AT Translated Set 2 keyboard as /devices/platform/i8042/serio0/input/input2
[    3.342622] rtc_cmos rtc_cmos: alarms up to one day, 114 bytes nvram
[    3.347290] i2c /dev entries driver
[    3.348979] device-mapper: uevent: version 1.0.3
[    3.362583] device-mapper: ioctl: 4.34.0-ioctl (2015-10-28) initialised: dm-devel@redhat.com
[    3.403271] ledtrig-cpu: registered to indicate activity on CPUs
[    3.410496] NET: Registered protocol family 10
[    3.422127] NET: Registered protocol family 17
[    3.427567] Key type dns_resolver registered
[    3.443895] registered taskstats version 1
[    3.453241] Loading compiled-in X.509 certificates
[    3.484237] Loaded X.509 cert 'Build time autogenerated kernel key: 20acc96b50ca7641011eace69d32209215a9b56f'
[    3.498046] zswap: loaded using pool lzo/zbud
[    3.503697] Key type trusted registered
[    3.523102] Key type encrypted registered
[    3.527053] AppArmor: AppArmor sha1 policy hashing enabled
[    3.542612] ima: No TPM chip found, activating TPM-bypass!
[    3.547652] ima: Allocated hash algorithm: sha1
[    3.549444] evm: HMAC attrs: 0x1
[    3.551752]   Magic number: 6:549:639
[    3.553395] rtc_cmos rtc_cmos: setting system clock to 2018-10-18 15:36:33 UTC (1539876993)
[    3.558092] BIOS EDD facility v0.16 2004-Jun-25, 0 devices found
[    3.561532] EDD information not available.
[    3.570061] Freeing unused kernel memory: 1528K
[    3.591262] Write protecting the kernel read-only data: 14336k
[    3.602876] Freeing unused kernel memory: 1672K
[    3.619392] Freeing unused kernel memory: 92K
Loading, please wait...
starting version 229
[    3.646683] random: systemd-udevd: uninitialized urandom read (16 bytes read, 5 bits of entropy available)
[    3.647811] random: udevadm: uninitialized urandom read (16 bytes read, 5 bits of entropy available)
[    3.647832] random: udevadm: uninitialized urandom read (16 bytes read, 5 bits of entropy available)
[    3.658929] random: udevadm: uninitialized urandom read (16 bytes read, 5 bits of entropy available)
[    3.658997] random: udevadm: uninitialized urandom read (16 bytes read, 5 bits of entropy available)
[    3.659223] random: udevadm: uninitialized urandom read (16 bytes read, 5 bits of entropy available)
[    3.659309] random: udevadm: uninitialized urandom read (16 bytes read, 5 bits of entropy available)
[    3.659390] random: udevadm: uninitialized urandom read (16 bytes read, 5 bits of entropy available)
[    3.659475] random: udevadm: uninitialized urandom read (16 bytes read, 5 bits of entropy available)
[    3.659548] random: udevadm: uninitialized urandom read (16 bytes read, 5 bits of entropy available)
[    3.777139] e1000: Intel(R) PRO/1000 Network Driver - version 7.3.21-k8-NAPI
[    3.780099] e1000: Copyright (c) 1999-2006 Intel Corporation.
[    3.789541] Fusion MPT base driver 3.04.20
[    3.791521] Copyright (c) 1999-2008 LSI Corporation
[    3.801048] Fusion MPT SPI Host driver 3.04.20
[    3.846130] AVX2 version of gcm_enc/dec engaged.
[    3.848275] AES CTR mode by8 optimization enabled
[    3.988287] input: ImExPS/2 Generic Explorer Mouse as /devices/platform/i8042/serio1/input/input4
[    3.997725] tsc: Refined TSC clocksource calibration: 1600.110 MHz
[    4.000072] clocksource: tsc: mask: 0xffffffffffffffff max_cycles: 0x17108cdfa6d, max_idle_ns: 440795226808 ns
[    4.242276] e1000 0000:00:03.0 eth0: (PCI:33MHz:32-bit) 02:28:89:27:00:51
[    4.300842] e1000 0000:00:03.0 eth0: Intel(R) PRO/1000 Network Connection
[    5.038828] e1000 0000:00:08.0 eth1: (PCI:33MHz:32-bit) 08:00:27:13:97:89
[    5.049283] e1000 0000:00:08.0 eth1: Intel(R) PRO/1000 Network Connection
[    5.052910] mptbase: ioc0: Initiating bringup
[    5.053357] e1000 0000:00:08.0 enp0s8: renamed from eth1
[    5.065893] e1000 0000:00:03.0 enp0s3: renamed from eth0
[    5.124958] ioc0: LSI53C1030 A0: Capabilities={Initiator}
[    5.299835] scsi host2: ioc0: LSI53C1030 A0, FwRev=00000000h, Ports=1, MaxQ=256, IRQ=20
[    5.432101] scsi 2:0:0:0: Direct-Access     VBOX     HARDDISK         1.0  PQ: 0 ANSI: 5
[    5.458044] scsi target2:0:0: Beginning Domain Validation
[    5.464607] scsi target2:0:0: Domain Validation skipping write tests
[    5.466664] scsi target2:0:0: Ending Domain Validation
[    5.468603] scsi target2:0:0: asynchronous
[    5.471434] scsi 2:0:1:0: Direct-Access     VBOX     HARDDISK         1.0  PQ: 0 ANSI: 5
[    5.474700] scsi target2:0:1: Beginning Domain Validation
[    5.478518] scsi target2:0:1: Domain Validation skipping write tests
[    5.480533] scsi target2:0:1: Ending Domain Validation
[    5.482213] scsi target2:0:1: asynchronous
[    5.496414] sd 2:0:0:0: [sda] 20971520 512-byte logical blocks: (10.7 GB/10.0 GiB)
[    5.496700] sd 2:0:0:0: Attached scsi generic sg0 type 0
[    5.500303] sd 2:0:1:0: Attached scsi generic sg1 type 0
[    5.500441] sd 2:0:1:0: [sdb] 20480 512-byte logical blocks: (10.5 MB/10.0 MiB)
[    5.501072] sd 2:0:1:0: [sdb] Write Protect is off
[    5.501322] sd 2:0:1:0: [sdb] Incomplete mode parameter data
[    5.501324] sd 2:0:1:0: [sdb] Assuming drive cache: write through
[    5.504006] sd 2:0:1:0: [sdb] Attached SCSI disk
[    5.547457] sd 2:0:0:0: [sda] Write Protect is off
[    5.551162] sd 2:0:0:0: [sda] Incomplete mode parameter data
[    5.573620] sd 2:0:0:0: [sda] Assuming drive cache: write through
[    5.583255]  sda: sda1
[    5.589222] sd 2:0:0:0: [sda] Attached SCSI disk
Begin: Loading essential drivers ... [    7.095989] md: linear personality registered for level -1
[    7.109231] md: multipath personality registered for level -4
[    7.123724] md: raid0 personality registered for level 0
[    7.130074] md: raid1 personality registered for level 1
[    7.215196] raid6: sse2x1   gen()  8126 MB/s
[    7.295154] raid6: sse2x1   xor()  6117 MB/s
[    7.374932] raid6: sse2x2   gen()  9857 MB/s
[    7.458743] raid6: sse2x2   xor()  6451 MB/s
[    7.534880] raid6: sse2x4   gen() 11152 MB/s
[    7.618792] raid6: sse2x4   xor()  7829 MB/s
[    7.690841] raid6: avx2x1   gen() 15679 MB/s
[    7.778737] raid6: avx2x2   gen() 18020 MB/s
[    7.854971] raid6: avx2x4   gen() 19295 MB/s
[    7.869343] raid6: using algorithm avx2x4 gen() 19295 MB/s
[    7.872271] raid6: using avx2x2 recovery algorithm
[    7.881640] xor: automatically using best checksumming function:
[    7.930789]    avx       :  6135.000 MB/sec
[    7.943787] async_tx: api initialized (async)
[    7.966163] md: raid6 personality registered for level 6
[    7.984054] md: raid5 personality registered for level 5
[    7.989501] md: raid4 personality registered for level 4
[    8.001808] md: raid10 personality registered for level 10
done.
Begin: Running /scripts/init-premount ... done.
Begin: Mounting root file system ... Begin: Running /scripts/local-top ... done.
Begin: Running /scripts/local-pr[    8.055038] Btrfs loaded
emount ... Scanning for Btrfs filesystems
done.
Warning: fsck not present, so skipping root file system
[    8.143400] EXT4-fs (sda1): mounted filesystem with ordered data mode. Opts: (null)
done.
Begin: Running /scripts/local-bottom ... done.
Begin: Running /scripts/init-bottom ... done.
[    8.252028] systemd[1]: systemd 229 running in system mode. (+PAM +AUDIT +SELINUX +IMA +APPARMOR +SMACK +SYSVINIT +UTMP +LIBCRYPTSETUP +GCRYPT +GNUTLS +ACL +XZ -LZ4 +SECCOMP +BLKID +ELFUTILS +KMOD -IDN)
[    8.309178] systemd[1]: Detected virtualization oracle.
[    8.312837] systemd[1]: Detected architecture x86-64.

Welcome to [1mUbuntu 16.04.5 LTS[0m!

[    8.356817] systemd[1]: Set hostname to <ubuntu>.
[    8.371614] systemd[1]: Initializing machine ID from random generator.
[    8.373710] systemd[1]: Installed transient /etc/machine-id file.
[    8.532508] systemd[1]: Listening on Device-mapper event daemon FIFOs.
[[0;32m  OK  [0m] Listening on Device-mapper event daemon FIFOs.
[    8.537779] systemd[1]: Listening on Journal Socket.
[[0;32m  OK  [0m] Listening on Journal Socket.
[    8.541589] systemd[1]: Listening on LVM2 metadata daemon socket.
[[0;32m  OK  [0m] Listening on LVM2 metadata daemon socket.
[    8.546047] systemd[1]: Reached target User and Group Name Lookups.
[[0;32m  OK  [0m] Reached target User and Group Name Lookups.
[    8.550650] systemd[1]: Listening on /dev/initctl Compatibility Named Pipe.
[[0;32m  OK  [0m] Listening on /dev/initctl Compatibility Named Pipe.
[    8.556740] systemd[1]: Set up automount Arbitrary Executable File Formats File System Automount Point.
[[0;32m  OK  [0m] Set up automount Arbitrary Executab...ats File System Automount Point.
[    8.599465] systemd[1]: Reached target System Time Synchronized.
[[0;32m  OK  [0m] Reached target System Time Synchronized.
[    8.623544] systemd[1]: Started Trigger resolvconf update for networkd DNS.
[[0;32m  OK  [0m] Started Trigger resolvconf update for networkd DNS.
[    8.652917] systemd[1]: Listening on LVM2 poll daemon socket.
[[0;32m  OK  [0m] Listening on LVM2 poll daemon socket.
[    8.677775] systemd[1]: Listening on Syslog Socket.
[[0;32m  OK  [0m] Listening on Syslog Socket.
[    8.686265] systemd[1]: Created slice System Slice.
[[0;32m  OK  [0m] Created slice System Slice.
[    8.712222] systemd[1]: Starting Create list of required static device nodes for the current kernel...
         Starting Create list of required st... nodes for the current kernel...
[    8.735193] systemd[1]: Starting Nameserver information manager...
         Starting Nameserver information manager...
[    8.749903] systemd[1]: Starting Remount Root and Kernel File Systems...
[    8.754826] EXT4-fs (sda1): re-mounted. Opts: (null)
         Starting Remount Root and Kernel File Systems...
[    8.829651] systemd[1]: Reached target Encrypted Volumes.
[[0;32m  OK  [0m] Reached target Encrypted Volumes.
[    8.871080] systemd[1]: Mounting POSIX Message Queue File System...
         Mounting POSIX Message Queue File System...
[    8.897794] systemd[1]: Listening on Journal Socket (/dev/log).
[[0;32m  OK  [0m] Listening on Journal Socket (/dev/log).
[    8.924952] systemd[1]: Starting Uncomplicated firewall...
         Starting Uncomplicated firewall...
[    8.946877] systemd[1]: Started Forward Password Requests to Wall Directory Watch.
[[0;32m  OK  [0m] Started Forward Password Requests to Wall Directory Watch.
[    9.011914] systemd[1]: Starting Load Kernel Modules...
         Startin[    9.031230] Loading iSCSI transport class v2.0-870.
g Load Kernel Modules...
[    9.063023] random: nonblocking pool is initialized
[    9.065867] systemd[1]: Mounting Debug File System...
         Mounting Debug File System...
[    9.108235] systemd[1]: Created slice system-serial\x2dgetty.slice.
[[0;32m  OK  [0m] Created slic[    9.140627] iscsi: registered transport (tcp)
e system-serial\x2dgetty.slice.
[    9.163282] systemd[1]: Listening on udev Control Socket.
[[0;32m  OK  [0m] Listening on udev Control Socket.
[    9.202452] systemd[1]: Listening on Journal Audit Socket.
[[0;32m  OK  [0m] Listening on Journal Audit Socket.
[    9.280244] iscsi: registered transport (iser)
[    9.291468] systemd[1]: Starting Journal Service...
         Starting Journal Service...
[    9.320379] systemd[1]: Created slice User and Session Slice.
[[0;32m  OK  [0m] Created slice User and Session Slice.
[    9.347695] systemd[1]: Reached target Slices.
[[0;32m  OK  [0m] Reached target Slices.
[    9.377824] systemd[1]: Listening on udv Kernel Socket.

[[0;32m  OK  [0m] Listening on udev Kernel Socket.
[    9.463673] systemd[1]: Mounting Huge Pages File System...
         Mounting Huge Pages File System...
[    9.476706] systemd[1]: Starting Set console keymap...
         Starting Set console keymap...
[    9.487005] systemd[1]: Reached target Swap.
[[0;32m  OK  [0m] Reached target Swap.
[    9.496339] systemd[1]: Starting Monitoring of LVM2 mirrors, snapshots etc. using dmeventd or progress polling...
         Starting Monitoring of LVM2 mirrors... dmeventd or progress polling...
[    9.545631] systemd[1]: Mounted Debug File System.
[[0;32m  OK  [0m] Mounted Debug File System.
[    9.563786] systemd[1]: Mounted POSIX Message Queu File System.
[[0;32m  OK  [0m] Mounted POSIX Message Queue File System.
[    9.711635] systemd[1]: Mounted Huge Pages File System.
[[0;32m  OK  [0m] Mounted Huge Pages File System.
[    9.769274] systemd[1]: tarted Journal Service.
 [[0;32m  OK  [0m] Started Journal Service.
[[0;32m  OK  [0m] Started Create list of required sta...ce nodes for the current kernel.
[[0;32m  OK  [0m] Started Remount Root and Kernel File Systems.
[[0;32m  OK  [0m] Started Uncomplicated firewall.
[[0;32m  OK  [0m] Started Load Kernel Modules.
[[0;32m  OK  [0m] Started Set console keymap.
[[0;32m  OK  [0m] Started Nameserver information manager.
[[0;32m  OK  [0m] Started LVM2 metadata daemon.
         Starting Apply Kernel Variables...
         Mounting FUSE Control File System...
         Starting Load/Save Random Seed...
         Starting udev Coldplug all Devices...
         Starting Create Static Device Nodes in /dev...
         Starting Flush Journal to Persistent Storage...
[[0;32m  OK  [0m] Mounted FUSE Control File System.
[[0;32m  OK  [0m] Started Apply Kernel Variables.
[[0;32m  OK  [0m] Started Load/Save Random Seed.
[[0;32m  OK  [0m] Started Create Static Device Nodes in /dev.
[[0;32m  OK  [0m] Started udev Coldplug all Devices.
[[0;32m  OK  [0m] Started Flush Journal to Persistent Storage.
         Starting udev Kernel Device Manager...
[[0;32m  OK  [0m] Started udev Kernel Device Manager.
[[0;32m  OK  [0m] Started Dispatch Password Requests to Console Directory Watch.
[[0;32m  OK  [0m] Started Monitoring of LVM2 mirrors,...ng dmeventd or progress polling.
[[0;32m  OK  [0m] Reached target Local File Systems (Pre).
[[0;32m  OK  [0m] Reached target Local File Systems.
         Starting Commit a transient machine-id on disk...
         Starting Create Volatile Files and Directories...
         Starting LSB: AppArmor initialization...
         Starting Initial cloud-init job (pre-networking)...
         Starting Tell Plymouth To Write Out Runtime Data...
         Starting Set console font and keymap...
[[0;32m  OK  [0m] Started Create Volatile Files and Directories.
[[0;32m  OK  [0m] Started Commit a transient machine-id on disk.
[[0;32m  OK  [0m] Started Tell Plymouth To Write Out Runtime Data.
         Starting Update UTMP about System Boot/Shutdown...
[[0;32m  OK  [0m] Started Update UTMP about System Boot/Shutdown.
[[0;32m  OK  [0m] Found device /dev/ttyS0.
[[0;32m  OK  [0m] Listening on Load/Save RF Kill Switch Status /dev/rfkill Watch.
[[0;32m  OK  [0m] Started LSB: AppArmor initialization.
[   10.593463] cloud-init[489]: Cloud-init v. 18.3-9-g2e62cb8a-0ubuntu1~16.04.2 running 'init-local' at Thu, 18 Oct 2018 15:36:41 +0000. Up 10.10 seconds.
[[0;32m  OK  [0m] Started Initial cloud-init job (pre-networking).
[[0;32m  OK  [0m] Started Set console font and keymap.
[[0;32m  OK  [0m] Created slice system-getty.slice.
[[0;32m  OK  [0m] Reached target Network (Pre).
         Starting Raise network interfaces...
[[0;32m  OK  [0m] Started Raise network interfaces.
[[0;32m  OK  [0m] Reached target Network.
         Starting Initial cloud-init job (metadata service crawler)...
[   12.503542] cloud-init[945]: Cloud-init v. 18.3-9-g2e62cb8a-0ubuntu1~16.04.2 running 'init' at Thu, 18 Oct 2018 15:36:43 +0000. Up 11.67 seconds.
[   12.509446] cloud-init[945]: ci-info: +++++++++++++++++++++++++++++++++++++Net device info++++++++++++++++++++++++++++++++++++++
[   12.521887] cloud-init[945]: ci-info: +--------+-------+--------------------------+---------------+--------+-------------------+
[   12.527006] cloud-init[945]: ci-info: | Device |   Up  |         Address          |      Mask     | Scope  |     Hw-Address    |
[   12.545745] cloud-init[945]: ci-info: +--------+-------+--------------------------+---------------+--------+-------------------+
[   12.561138] cloud-init[945]: ci-info: | enp0s3 |  True |        10.0.2.15         | 255.255.255.0 | global | 02:28:89:27:00:51 |
[   12.568080] cloud-init[945]: ci-info: | enp0s3 |  True | fe80::28:89ff:fe27:51/64 |       .       |  link  | 02:28:89:27:00:51 |
[   12.579050] cloud-init[945]: ci-info: | enp0s8 | False |            .             |       .       |   .    | 08:00:27:13:97:89 |
[   12.589969] cloud-init[945]: ci-info: |   lo   |  True |        127.0.0.1         |   255.0.0.0   |  host  |         .         |
[   12.595206] cloud-init[945]: ci-info: |   lo   |  True |         ::1/128          |       .       |  host  |         .         |
[   12.616422] cloud-init[945]: ci-info: +--------+-------+--------------------------+---------------+--------+-------------------+
[[0;32m  OK  [0m] Started Initial cloud-init job (metadata service crawler).
[[0;32m  OK  [0m] Reached target System Initialization.
[[0;32m  OK  [0m] Listening on ACPID Listen Socket.
[   12.675463] cloud-init[945]: ci-info: +++++++++++++++++++++++++++Route IPv4 info++++++++++++++++++++++++++++
[[0;32m  OK  [0m] Listening on UUID daemon activation socket.
         Starting Socket activation for snappy daemon.
[   12.703956] cloud-init[945]: ci-info: +-------+-------------+----------+---------------+-----------+-------+
[   12.802727] cloud-init[945]: ci-info: | Route | Destination | Gateway  |    Genmask    | Interface | Flags |
[[0;32m  OK  [0m] Started ACPI Events Check.
[[0;32m  OK  [0m] Reached target Paths.
[[0;32m  OK  [0m] Started Daily apt download activities.
[   12.805147] cloud-init[945]: ci-info: +-------+-------------+----------+---------------+-----------+-------+
[[0;32m  OK  [0m] Started Daily apt upgrade and clean activities.
         Starting LXD - unix socket.
[[0;32m  OK  [0m] Started Daily Cleanup of Temporary Directories.
[[0;32m  OK  [0m] Reached target Timers.
[[0;32m  OK  [0m] Listening on D-Bus System Message Bus Socket.
[[0;32m  OK  [0m] Reached target Network is Online.
[   12.841685] cloud-init[945]: ci-info: |   0   |   0.0.0.0   | 10.0.2.2 |    0.0.0.0    |   enp0s3  |   UG  |
[   12.970029]          Starting iSCSI initiator daemon (iscsid)...
cloud-init[945]: ci-info: |   1   |   10.0.2.0  | 0.0.0.0  | 255.255.255.0 |   enp0s3  |   U   |
[[0;32m  OK  [0m] Reached target Cloud-config availability.
[   12.972594] [[0;32m  OK  [0m] Listening on Socket activation for snappy daemon.
[[0;32m  OK  [0m] Listening on LXD - unix socket.
cloud-init[945]: ci-info: +-------+-------------+----------+---------------+-----------+-------+
[   13.027212] cloud-init[945]: ci-info: +++++++++++++++++++Route IPv6 info+++++++++++++++++++
[   13.032947] cloud-init[945]: ci-info: +-------+-------------+---------+-----------+-------+
[   13.033057] cloud-init[945]: ci-info: | Route | Destination | Gateway | Interface | Flags |
[   13.033127] cloud-init[945]: ci-info: +-------+-------------+---------+-----------+-------+
[   13.033198] cloud-init[945]: ci-info: |   0   |  fe80::/64  |    ::   |   enp0s3  |   U   |
[   13.033810] cloud-init[945]: ci-info: |   3   |   ff00::/8  |    ::   |   enp0s3  |   U   |
[   13.033869] cloud-init[945]: ci-info: +-------+-------------+---------+-----------+-------+
[[0;32m  OK  [0m] Reached target Sockets.
[[0;32m  OK  [0m] Reached target Basic System.
[   13.033918] cloud-init[945]: Generating public/private rsa key pair.
[   13.242782] cloud-init[945]: Your identification has been saved in /etc/ssh/ssh_host_rsa_key.
         Starting LSB: Record successful boot for GRUB...
[[0;32m  OK  [0m] Started Unattended Upgrades Shutdown.
[   13.247488] cloud-init[945]: Your public key has been saved in /etc/ssh/ssh_host_rsa_key.pub.
[   13.273687]          Starting Pollinate to seed the pseudo random number generator...
cloud-init[945]: The key fingerprint is:
[   13.280789] cloud-init[945]: SHA256:nPVU3aq9jpRVIHOUUUcLJorhAWgAVy5cPf5rDDyZMxM root@ubuntu-xenial
[   13.295127]          cloud-initStarting System Logging Service...[945]: 
The key's randomart image is:
[   13.398251] [[0;32m  OK  [0m] Started FUSE filesystem for LXC.cloud-init
[945]: +---[RSA 2048]----+
         Starting /etc/rc.local Compatibility...
[   13.421194] cloud-init[945]: |o.o.+o.o   .o+**=|
[   13.423451] cloud-init[945]: | o =  + + . o=o.=|
[   13.460351] cloud-init[945]: |  + .. + .. .  o.|
         Starting LSB: MD monitoring daemon...
[   13.466275] cloud-init[945]: |   .  E. o o  .. |
[   13.543157] [cloud-init[0;32m  OK  [0m[945]: ] |     . =S   .o.  |Started Deferred execution scheduler.

[   13.544919] cloud-init[945]: |      X .   .o.  |
[   13.669156] [[0;32m  OK  [0m] Started D-Bus System Message Bus.
cloud-init[945]: |       B .  o  . |
[   13.681481] cloud-init[945]: |        +  . ..  |
[   13.688148] cloud-init[945]: |       .    ...  |
[   13.695495] cloud-init[945]: +----[SHA256]-----+
         Starting Login Service...
[   13.701053]          Starting LXD - container startup/shutdown...
         Starting Accounts Service...
         Starting Virtualbox guest utils...
[[0;32m  OK  [0m] Started Regular background program processing daemon.
cloud-init[945]: Generating public/private dsa key pair.
[   13.777026] [[0;32m  OK  [0m] Started ACPI event daemon.
cloud-init[945]: Your identification has been saved in /etc/ssh/ssh_host_dsa_key.
[   13.820335]          cloud-initStarting Snappy daemon...[945]: 
Your public key has been saved in /etc/ssh/ssh_host_dsa_key.pub.
[   13.860608] [[0;32m  OK  [0m] Started System Logging Service.
cloud-init[945]: The key fingerprint is:
[   13.887661] cloud-init[945]: SHA256:YzkqQAJlwS3ZTsv4+d/CAfI0EUZeRXtXaJw5YJEPnD8 root@ubuntu-xenial
[   13.889426] cloud-init[945]: The key's randomart image is:
[   13.889540] cloud-init[945]: +---[DSA 1024]----+
[   13.889678] cloud-init[945]: |.o+= .+..oo.+* +.|
[   13.889738] cloud-init[945]: |..+ +o..   o= B. |
[   13.889786] cloud-init[945]: |. .* ...  . .=.. |
[   13.889836] cloud-init[945]: | o. = +  . . .E  |
[   13.889892] cloud-init[945]: |  .. = oS      . |
[   13.889941] cloud-init[945]: |   .o .o.o       |
[   13.889988] cloud-init[945]: |    .... .       |
[   13.890035] cloud-init[945]: |     .. o.       |
[   13.890083] cloud-init[945]: |       ....      |
[   13.890130] cloud-init[945]: +----[SHA256]-----+
[   13.890178] cloud-init[945]: Generating public/private ecdsa key pair.
[   13.890224] cloud-init[945]: Your identification has been saved in /etc/ssh/ssh_host_ecdsa_key.
[   13.890271] cloud-init[945]: Your public key has been saved in /etc/ssh/ssh_host_ecdsa_key.pub.
[   13.890321] cloud-init[945]: The key fingerprint is:
[   13.890368] cloud-init[945]: SHA256:s/YXtu9QgNHVoA5XjvEBl9WkBDPA/g/xAgBt6IXppS4 root@ubuntu-xenial
[   13.890411] cloud-init[945]: The key's randomart image is:
[   13.890455] cloud-init[945]: +---[ECDSA 256]---+
[   13.890498] cloud-init[945]: |      .* .oo*+B*+|
[   13.890543] cloud-init[[945]: [0;32m  OK  [0m|      + * .o.%.oo|] 
Started iSCSI initiator daemon (iscsid).
[   13.890748] [[0;32m  OK  [0m] Started Pollinate to seed the pseudo random number generator.
[[0;32m  OK  [0m] Started /etc/rc.local Compatibility.
[[0;32m  OK  [0m] Started LXD - container startup/shutdown.
[[0;32m  OK  [0m] Started Snappy daemon.
cloud-init[945]: |     o = oo = +  |
[   14.135666] cloud-init[945]: |      +   o+..   |
[[0;32m  OK  [0m] Started LSB: Record successful boot for GRUB.
[   14.142306] cloud-init[945]: |     .  S  o.o.  |
[   14.148733] cloud-init[945]: |    E .  o  *..  |
[   14.159532] cloud-init[[0;32m  OK  [0m] Started LSB: MD monitoring daemon.
[945]: |     .  o  ..*   |
[   14.181156] cloud-init[945]: |       . .  o..  |
[[0;32m  OK  [0m] Started Login Service.
[   14.202337] cloud-init[945]: |          .. oo  |
[   14.211446]          Starting Authenticate and Authorize Users to Run Privileged Tasks...
         Starting Wait until snapd is fully seeded...
cloud-init[945]: +----[SHA256]-----+
         Starting OpenBSD Secure Shell server...
         Starting Login to default iSCSI targets...
[   14.239855] cloud-init[945]: Generating public/private ed25519 key pair.
[   14.257116] cloud-init[945]: Your identification has been saved in /etc/ssh/ssh_host_ed25519_key.
[[0;32m  OK  [0m] Started OpenBSD Secure Shell server.
[   14.276259] cloud-init[945]: Your public key has been saved in /etc/ssh/ssh_host_ed25519_key.pub.
[[0;32m  OK  [0m] Started Authenticate and Authorize Users to Run Privileged Tasks.
[   14.294599] cloud-init[945]: The key fingerprint is:
[   14.303426] cloud-init[945]: SHA256:t8ptZRWVxD7x12ypkoh95avNY1ZTEgFx29RkJSY9F5Y root@ubuntu-xenial
[   14.307780] cloud-init[945]: The key's randomart image is:
[   14.319497] [[0;32m  OK  [0m] Started Accounts Service.
cloud-init[945]: [[0;32m  OK  [0m] Started Login to default iSCSI targets.
[[0;32m  OK  [0m] Reached target Remote File Systems (Pre).
[[0;32m  OK  [0m] Reached target Remote File Systems.
         Starting LSB: automatic crash report generation...
         Starting LSB: Set the CPU Frequency Scaling governor to "ondemand"...
         Starting Permit User Sessions...
         Starting LSB: daemon to balance interrupts for SMP systems...
+--[ED25519 256]--+
[   14.368485] cloud-init[[0;32m  OK  [0m] Started Virtualbox guest utils.
[[0;32m  OK  [0m] Started Permit User Sessions.
[945]: |            ++BB%|
[   14.379707] cloud-init[945]: |             +*Eo|
[   14.386950] cloud-init[945]: |              o**|
[   14.392239] cloud-init[945]: |             .o+B|
[   14.395813] cloud-init[945]: |        S o +..o+|
[   14.403972] cloud-init[945]: |       . + =oo o |
[   14.407175] cloud-init[945]: |          oo. o .|
[   14.410236] cloud-init[945]: |       . o. o=   |
[   14.416871]          Starting Terminate Plymouth Boot Screen...
         Starting Hold until boot process finishes up...
[[0;32m  OK  [0m] Started LSB: automatic crash report generation.
[[0;32m  OK  [0m] Started LSB: Set the CPU Frequency Scaling governor to "ondemand".
[[0;32m  OK  [0m] Started Terminate Plymouth Boot Screen.
[[0;32m  OK  [0m] Started Hold until boot process finishes up.
cloud-init[945]: |        o...+o.  |
[   14.442121] cloud-init[945]: +----[SHA256]-----+
[[0;32m  OK  [0m] Started Getty on tty1.
         Starting Set console scheme...
[[0;32m  OK  [0m] Started Serial Getty on ttyS0.
[[0;32m  OK  [0m] Reached target Login Prompts.
[[0;32m  OK  [0m] Started LSB: daemon to balance interrupts for SMP systems.
[[0;32m  OK  [0m] Started Set console scheme.
[[0;32m  OK  [0m] Created slice User Slice of vagrant.
         Starting User Manager for UID 1000...
[[0;32m  OK  [0m] Started User Manager for UID 1000.
[[0;32m  OK  [0m] Started Session 1 of user vagrant.
[[0;32m  OK  [0m] Started Wait until snapd is fully seeded.
[[0;32m  OK  [0m] Reached target Multi-User System.
[[0;32m  OK  [0m] Reached target Graphical Interface.
         Starting Update UTMP about System Runlevel Changes...
         Starting Apply the settings specified in cloud-config...
[[0;32m  OK  [0m] Started Update UTMP about System Runlevel Changes.
[   19.547382] cloud-init[1375]: Generating locales (this might take a while)...

Ubuntu 16.04.5 LTS ubuntu-xenial ttyS0

ubuntu-xenial login: [   20.745398] cloud-init[1375]:   en_US.UTF-8... done
[   20.746714] cloud-init[1375]: Generation complete.
[   21.238559] cloud-init[1375]: Cloud-init v. 18.3-9-g2e62cb8a-0ubuntu1~16.04.2 running 'modules:config' at Thu, 18 Oct 2018 15:36:50 +0000. Up 19.34 seconds.
ci-info: no authorized ssh keys fingerprints found for user ubuntu.
<14>Oct 18 15:36:53 ec2: 
<14>Oct 18 15:36:53 ec2: #############################################################
<14>Oct 18 15:36:53 ec2: -----BEGIN SSH HOST KEY FINGERPRINTS-----
<14>Oct 18 15:36:53 ec2: 1024 SHA256:YzkqQAJlwS3ZTsv4+d/CAfI0EUZeRXtXaJw5YJEPnD8 root@ubuntu-xenial (DSA)
<14>Oct 18 15:36:53 ec2: 256 SHA256:s/YXtu9QgNHVoA5XjvEBl9WkBDPA/g/xAgBt6IXppS4 root@ubuntu-xenial (ECDSA)
<14>Oct 18 15:36:53 ec2: 256 SHA256:t8ptZRWVxD7x12ypkoh95avNY1ZTEgFx29RkJSY9F5Y root@ubuntu-xenial (ED25519)
<14>Oct 18 15:36:53 ec2: 2048 SHA256:nPVU3aq9jpRVIHOUUUcLJorhAWgAVy5cPf5rDDyZMxM root@ubuntu-xenial (RSA)
<14>Oct 18 15:36:53 ec2: -----END SSH HOST KEY FINGERPRINTS-----
<14>Oct 18 15:36:53 ec2: #############################################################
-----BEGIN SSH HOST KEY KEYS-----
ecdsa-sha2-nistp256 AAAAE2VjZHNhLXNoYTItbmlzdHAyNTYAAAAIbmlzdHAyNTYAAABBBIIGJdA66bieqoe5A5vLMJCdFsZHM4etOWWU9TWGH0V751BYNqUQiVSNCKg/ZSbh4ET5FIkkq06Jempkn4mQJxE= root@ubuntu-xenial
ssh-ed25519 AAAAC3NzaC1lZDI1NTE5AAAAIGT7zWlTV6csnM45khyoAeFNoFRwcrhqGJftJNkS0YW6 root@ubuntu-xenial
ssh-rsa AAAAB3NzaC1yc2EAAAADAQABAAABAQDYxNq+CmA9kr4MJZgrX8AkCLnZ83B2MkmZJaBGHCAQHjd8PwARa0aATAYJSIWPVaFr33P6KQ2St6Dd0oi5qZs/sdX7m/5sPslK4Zh3VlpFma+dqlmCd4md3Nm1MXyRdueA6i/YgmrJky5P3uqVSXv3gCCEB9RnL5axwsoeqJgFS64cZRhwhg9N9znadjwq4MuHLnKYfaGIw40TBMg3E4jgx7gvJSxEIic8q9scwGnoSSS3q+UOw6qSkbI3psMH4tRxrwij46YWEe+ePajDmA0dEFq6gN0ueG5ZEEtcGg5DYOw607MtQG5HodeNXqmPeoKeH+UDXgSyeIEFjpnlX1IJ root@ubuntu-xenial
-----END SSH HOST KEY KEYS-----
[   22.106194] cloud-init[1590]: Cloud-init v. 18.3-9-g2e62cb8a-0ubuntu1~16.04.2 running 'modules:final' at Thu, 18 Oct 2018 15:36:53 +0000. Up 21.79 seconds.
[   22.106550] cloud-init[1590]: ci-info: no authorized ssh keys fingerprints found for user ubuntu.
[   22.106776] cloud-init[1590]: Cloud-init v. 18.3-9-g2e62cb8a-0ubuntu1~16.04.2 finished at Thu, 18 Oct 2018 15:36:53 +0000. Datasource DataSourceNoCloud [seed=/dev/sdb][dsmode=net].  Up 22.06 seconds
